0 info it worked if it ends with ok
1 verbose cli [ '/usr/local/bin/node', '/usr/local/bin/npm', 'run', 'watch' ]
2 info using npm@2.15.11
3 info using node@v4.6.2
4 verbose run-script [ 'prewatch', 'watch', 'postwatch' ]
5 info prewatch experimental-meteor-mocha-electron@
6 info watch experimental-meteor-mocha-electron@
7 verbose unsafe-perm in lifecycle true
8 info experimental-meteor-mocha-electron@ Failed to exec watch script
9 verbose stack Error: experimental-meteor-mocha-electron@ watch: `TEST_WATCH=1 TEST_BROWSER_DRIVER=nightmare meteor test --full-app --driver-package dispatch:mocha`
9 verbose stack Exit status 1
9 verbose stack     at EventEmitter.<anonymous> (/usr/local/lib/node_modules/npm/lib/utils/lifecycle.js:217:16)
9 verbose stack     at emitTwo (events.js:87:13)
9 verbose stack     at EventEmitter.emit (events.js:172:7)
9 verbose stack     at ChildProcess.<anonymous> (/usr/local/lib/node_modules/npm/lib/utils/spawn.js:24:14)
9 verbose stack     at emitTwo (events.js:87:13)
9 verbose stack     at ChildProcess.emit (events.js:172:7)
9 verbose stack     at maybeClose (internal/child_process.js:854:16)
9 verbose stack     at Process.ChildProcess._handle.onexit (internal/child_process.js:222:5)
10 verbose pkgid experimental-meteor-mocha-electron@
11 verbose cwd /Users/LUCAS/code/experimental-meteor-mocha-electron/packages/meteor-mocha
12 error Darwin 14.5.0
13 error argv "/usr/local/bin/node" "/usr/local/bin/npm" "run" "watch"
14 error node v4.6.2
15 error npm  v2.15.11
16 error code ELIFECYCLE
17 error experimental-meteor-mocha-electron@ watch: `TEST_WATCH=1 TEST_BROWSER_DRIVER=nightmare meteor test --full-app --driver-package dispatch:mocha`
17 error Exit status 1
18 error Failed at the experimental-meteor-mocha-electron@ watch script 'TEST_WATCH=1 TEST_BROWSER_DRIVER=nightmare meteor test --full-app --driver-package dispatch:mocha'.
18 error This is most likely a problem with the experimental-meteor-mocha-electron package,
18 error not with npm itself.
18 error Tell the author that this fails on your system:
18 error     TEST_WATCH=1 TEST_BROWSER_DRIVER=nightmare meteor test --full-app --driver-package dispatch:mocha
18 error You can get information on how to open an issue for this project with:
18 error     npm bugs experimental-meteor-mocha-electron
18 error Or if that isn't available, you can get their info via:
18 error
18 error     npm owner ls experimental-meteor-mocha-electron
18 error There is likely additional logging output above.
19 verbose exit [ 1, true ]
